{"C:\\ABO\\RMT-40\\p3\\Final Project\\server\\app.js": {"path":"C:\\ABO\\RMT-40\\p3\\Final Project\\server\\app.js","statementMap":{"0":{"start":{"line":1,"column":16},"end":{"line":1,"column":34}},"1":{"start":{"line":2,"column":15},"end":{"line":2,"column":34}},"2":{"start":{"line":3,"column":13},"end":{"line":3,"column":28}},"3":{"start":{"line":4,"column":21},"end":{"line":4,"column":58}},"4":{"start":{"line":5,"column":12},"end":{"line":5,"column":21}},"5":{"start":{"line":7,"column":0},"end":{"line":7,"column":15}},"6":{"start":{"line":8,"column":0},"end":{"line":8,"column":23}},"7":{"start":{"line":9,"column":0},"end":{"line":9,"column":47}},"8":{"start":{"line":11,"column":0},"end":{"line":11,"column":15}},"9":{"start":{"line":13,"column":0},"end":{"line":13,"column":21}},"10":{"start":{"line":15,"column":0},"end":{"line":15,"column":20}}},"fnMap":{},"branchMap":{},"s":{"0":1,"1":1,"2":1,"3":1,"4":1,"5":1,"6":1,"7":1,"8":1,"9":1,"10":1},"f":{},"b":{},"_coverageSchema":"1a1c01bbd47fc00a2c39e90264f33305004495a9","hash":"185d08aaf63adb7879544578d8443f2e6b5e74ca"}
,"C:\\ABO\\RMT-40\\p3\\Final Project\\server\\config\\mongo.js": {"path":"C:\\ABO\\RMT-40\\p3\\Final Project\\server\\config\\mongo.js","statementMap":{"0":{"start":{"line":1,"column":24},"end":{"line":1,"column":42}},"1":{"start":{"line":3,"column":12},"end":{"line":3,"column":38}},"2":{"start":{"line":4,"column":15},"end":{"line":4,"column":35}},"3":{"start":{"line":5,"column":15},"end":{"line":5,"column":28}},"4":{"start":{"line":6,"column":19},"end":{"line":6,"column":37}},"5":{"start":{"line":8,"column":9},"end":{"line":8,"column":11}},"6":{"start":{"line":9,"column":13},"end":{"line":9,"column":15}},"7":{"start":{"line":11,"column":16},"end":{"line":19,"column":1}},"8":{"start":{"line":12,"column":4},"end":{"line":18,"column":5}},"9":{"start":{"line":13,"column":8},"end":{"line":13,"column":30}},"10":{"start":{"line":14,"column":8},"end":{"line":14,"column":30}},"11":{"start":{"line":15,"column":8},"end":{"line":15,"column":17}},"12":{"start":{"line":17,"column":8},"end":{"line":17,"column":24}},"13":{"start":{"line":22,"column":20},"end":{"line":30,"column":1}},"14":{"start":{"line":23,"column":4},"end":{"line":29,"column":5}},"15":{"start":{"line":24,"column":8},"end":{"line":24,"column":30}},"16":{"start":{"line":25,"column":8},"end":{"line":25,"column":34}},"17":{"start":{"line":26,"column":8},"end":{"line":26,"column":17}},"18":{"start":{"line":28,"column":8},"end":{"line":28,"column":24}},"19":{"start":{"line":32,"column":14},"end":{"line":34,"column":1}},"20":{"start":{"line":33,"column":4},"end":{"line":33,"column":13}},"21":{"start":{"line":36,"column":18},"end":{"line":38,"column":1}},"22":{"start":{"line":37,"column":4},"end":{"line":37,"column":17}},"23":{"start":{"line":40,"column":0},"end":{"line":46,"column":1}}},"fnMap":{"0":{"name":"(anonymous_0)","decl":{"start":{"line":11,"column":16},"end":{"line":11,"column":17}},"loc":{"start":{"line":11,"column":28},"end":{"line":19,"column":1}},"line":11},"1":{"name":"(anonymous_1)","decl":{"start":{"line":22,"column":20},"end":{"line":22,"column":21}},"loc":{"start":{"line":22,"column":32},"end":{"line":30,"column":1}},"line":22},"2":{"name":"(anonymous_2)","decl":{"start":{"line":32,"column":14},"end":{"line":32,"column":15}},"loc":{"start":{"line":32,"column":20},"end":{"line":34,"column":1}},"line":32},"3":{"name":"(anonymous_3)","decl":{"start":{"line":36,"column":18},"end":{"line":36,"column":19}},"loc":{"start":{"line":36,"column":24},"end":{"line":38,"column":1}},"line":36}},"branchMap":{},"s":{"0":1,"1":1,"2":1,"3":1,"4":1,"5":1,"6":1,"7":1,"8":0,"9":0,"10":0,"11":0,"12":0,"13":1,"14":9,"15":9,"16":9,"17":9,"18":0,"19":1,"20":5,"21":1,"22":0,"23":1},"f":{"0":0,"1":9,"2":5,"3":0},"b":{},"_coverageSchema":"1a1c01bbd47fc00a2c39e90264f33305004495a9","hash":"619263fa479a0806c3ae4025146c8bf6b078ca71"}
,"C:\\ABO\\RMT-40\\p3\\Final Project\\server\\controller\\controller.js": {"path":"C:\\ABO\\RMT-40\\p3\\Final Project\\server\\controller\\controller.js","statementMap":{"0":{"start":{"line":1,"column":28},"end":{"line":1,"column":56}},"1":{"start":{"line":2,"column":13},"end":{"line":2,"column":38}},"2":{"start":{"line":6,"column":8},"end":{"line":28,"column":9}},"3":{"start":{"line":7,"column":72},"end":{"line":7,"column":80}},"4":{"start":{"line":8,"column":12},"end":{"line":10,"column":13}},"5":{"start":{"line":9,"column":16},"end":{"line":9,"column":48}},"6":{"start":{"line":11,"column":12},"end":{"line":13,"column":13}},"7":{"start":{"line":12,"column":16},"end":{"line":12,"column":45}},"8":{"start":{"line":14,"column":12},"end":{"line":16,"column":13}},"9":{"start":{"line":15,"column":16},"end":{"line":15,"column":48}},"10":{"start":{"line":17,"column":26},"end":{"line":17,"column":46}},"11":{"start":{"line":18,"column":25},"end":{"line":18,"column":51}},"12":{"start":{"line":18,"column":33},"end":{"line":18,"column":51}},"13":{"start":{"line":19,"column":38},"end":{"line":19,"column":54}},"14":{"start":{"line":20,"column":12},"end":{"line":22,"column":13}},"15":{"start":{"line":21,"column":16},"end":{"line":21,"column":46}},"16":{"start":{"line":24,"column":12},"end":{"line":24,"column":94}},"17":{"start":{"line":25,"column":12},"end":{"line":25,"column":100}},"18":{"start":{"line":27,"column":12},"end":{"line":27,"column":21}},"19":{"start":{"line":32,"column":8},"end":{"line":54,"column":9}},"20":{"start":{"line":33,"column":40},"end":{"line":33,"column":48}},"21":{"start":{"line":34,"column":12},"end":{"line":36,"column":13}},"22":{"start":{"line":35,"column":16},"end":{"line":35,"column":45}},"23":{"start":{"line":37,"column":12},"end":{"line":39,"column":13}},"24":{"start":{"line":38,"column":16},"end":{"line":38,"column":48}},"25":{"start":{"line":40,"column":29},"end":{"line":40,"column":57}},"26":{"start":{"line":41,"column":12},"end":{"line":41,"column":42}},"27":{"start":{"line":42,"column":12},"end":{"line":44,"column":13}},"28":{"start":{"line":43,"column":16},"end":{"line":43,"column":47}},"29":{"start":{"line":46,"column":32},"end":{"line":46,"column":76}},"30":{"start":{"line":47,"column":12},"end":{"line":47,"column":45}},"31":{"start":{"line":48,"column":12},"end":{"line":50,"column":13}},"32":{"start":{"line":49,"column":16},"end":{"line":49,"column":50}},"33":{"start":{"line":51,"column":12},"end":{"line":51,"column":86}},"34":{"start":{"line":53,"column":12},"end":{"line":53,"column":21}},"35":{"start":{"line":58,"column":0},"end":{"line":58,"column":27}}},"fnMap":{"0":{"name":"(anonymous_0)","decl":{"start":{"line":5,"column":4},"end":{"line":5,"column":5}},"loc":{"start":{"line":5,"column":42},"end":{"line":29,"column":5}},"line":5},"1":{"name":"(anonymous_1)","decl":{"start":{"line":18,"column":25},"end":{"line":18,"column":26}},"loc":{"start":{"line":18,"column":33},"end":{"line":18,"column":51}},"line":18},"2":{"name":"(anonymous_2)","decl":{"start":{"line":31,"column":4},"end":{"line":31,"column":5}},"loc":{"start":{"line":31,"column":39},"end":{"line":55,"column":5}},"line":31}},"branchMap":{"0":{"loc":{"start":{"line":8,"column":12},"end":{"line":10,"column":13}},"type":"if","locations":[{"start":{"line":8,"column":12},"end":{"line":10,"column":13}},{"start":{},"end":{}}],"line":8},"1":{"loc":{"start":{"line":11,"column":12},"end":{"line":13,"column":13}},"type":"if","locations":[{"start":{"line":11,"column":12},"end":{"line":13,"column":13}},{"start":{},"end":{}}],"line":11},"2":{"loc":{"start":{"line":14,"column":12},"end":{"line":16,"column":13}},"type":"if","locations":[{"start":{"line":14,"column":12},"end":{"line":16,"column":13}},{"start":{},"end":{}}],"line":14},"3":{"loc":{"start":{"line":20,"column":12},"end":{"line":22,"column":13}},"type":"if","locations":[{"start":{"line":20,"column":12},"end":{"line":22,"column":13}},{"start":{},"end":{}}],"line":20},"4":{"loc":{"start":{"line":34,"column":12},"end":{"line":36,"column":13}},"type":"if","locations":[{"start":{"line":34,"column":12},"end":{"line":36,"column":13}},{"start":{},"end":{}}],"line":34},"5":{"loc":{"start":{"line":37,"column":12},"end":{"line":39,"column":13}},"type":"if","locations":[{"start":{"line":37,"column":12},"end":{"line":39,"column":13}},{"start":{},"end":{}}],"line":37},"6":{"loc":{"start":{"line":42,"column":12},"end":{"line":44,"column":13}},"type":"if","locations":[{"start":{"line":42,"column":12},"end":{"line":44,"column":13}},{"start":{},"end":{}}],"line":42},"7":{"loc":{"start":{"line":48,"column":12},"end":{"line":50,"column":13}},"type":"if","locations":[{"start":{"line":48,"column":12},"end":{"line":50,"column":13}},{"start":{},"end":{}}],"line":48}},"s":{"0":1,"1":1,"2":4,"3":4,"4":4,"5":1,"6":3,"7":1,"8":2,"9":1,"10":1,"11":1,"12":0,"13":1,"14":1,"15":0,"16":1,"17":1,"18":3,"19":5,"20":5,"21":5,"22":1,"23":4,"24":1,"25":3,"26":3,"27":3,"28":1,"29":2,"30":2,"31":2,"32":1,"33":1,"34":4,"35":1},"f":{"0":4,"1":0,"2":5},"b":{"0":[1,3],"1":[1,2],"2":[1,1],"3":[0,1],"4":[1,4],"5":[1,3],"6":[1,2],"7":[1,1]},"_coverageSchema":"1a1c01bbd47fc00a2c39e90264f33305004495a9","hash":"4d2eb8924e79649692a4d6808c30b95a0aa77d19"}
,"C:\\ABO\\RMT-40\\p3\\Final Project\\server\\helpers\\bcrypt.js": {"path":"C:\\ABO\\RMT-40\\p3\\Final Project\\server\\helpers\\bcrypt.js","statementMap":{"0":{"start":{"line":1,"column":15},"end":{"line":1,"column":34}},"1":{"start":{"line":3,"column":21},"end":{"line":7,"column":1}},"2":{"start":{"line":4,"column":17},"end":{"line":4,"column":39}},"3":{"start":{"line":5,"column":17},"end":{"line":5,"column":48}},"4":{"start":{"line":6,"column":4},"end":{"line":6,"column":15}},"5":{"start":{"line":9,"column":24},"end":{"line":11,"column":1}},"6":{"start":{"line":10,"column":4},"end":{"line":10,"column":55}},"7":{"start":{"line":13,"column":0},"end":{"line":16,"column":1}}},"fnMap":{"0":{"name":"(anonymous_0)","decl":{"start":{"line":3,"column":21},"end":{"line":3,"column":22}},"loc":{"start":{"line":3,"column":35},"end":{"line":7,"column":1}},"line":3},"1":{"name":"(anonymous_1)","decl":{"start":{"line":9,"column":24},"end":{"line":9,"column":25}},"loc":{"start":{"line":9,"column":54},"end":{"line":11,"column":1}},"line":9}},"branchMap":{},"s":{"0":1,"1":1,"2":1,"3":1,"4":1,"5":1,"6":2,"7":1},"f":{"0":1,"1":2},"b":{},"_coverageSchema":"1a1c01bbd47fc00a2c39e90264f33305004495a9","hash":"f87868effae6123be12665bfdf85142a2f27cab1"}
,"C:\\ABO\\RMT-40\\p3\\Final Project\\server\\middlewares\\errorHandler.js": {"path":"C:\\ABO\\RMT-40\\p3\\Final Project\\server\\middlewares\\errorHandler.js","statementMap":{"0":{"start":{"line":1,"column":21},"end":{"line":27,"column":1}},"1":{"start":{"line":2,"column":4},"end":{"line":2,"column":20}},"2":{"start":{"line":3,"column":17},"end":{"line":3,"column":20}},"3":{"start":{"line":4,"column":18},"end":{"line":4,"column":41}},"4":{"start":{"line":6,"column":4},"end":{"line":24,"column":5}},"5":{"start":{"line":7,"column":8},"end":{"line":7,"column":20}},"6":{"start":{"line":8,"column":8},"end":{"line":8,"column":40}},"7":{"start":{"line":9,"column":11},"end":{"line":24,"column":5}},"8":{"start":{"line":10,"column":8},"end":{"line":10,"column":20}},"9":{"start":{"line":11,"column":8},"end":{"line":11,"column":37}},"10":{"start":{"line":12,"column":11},"end":{"line":24,"column":5}},"11":{"start":{"line":13,"column":8},"end":{"line":13,"column":20}},"12":{"start":{"line":14,"column":8},"end":{"line":14,"column":40}},"13":{"start":{"line":15,"column":11},"end":{"line":24,"column":5}},"14":{"start":{"line":16,"column":8},"end":{"line":16,"column":20}},"15":{"start":{"line":17,"column":8},"end":{"line":17,"column":41}},"16":{"start":{"line":18,"column":11},"end":{"line":24,"column":5}},"17":{"start":{"line":19,"column":8},"end":{"line":19,"column":20}},"18":{"start":{"line":20,"column":8},"end":{"line":20,"column":47}},"19":{"start":{"line":21,"column":11},"end":{"line":24,"column":5}},"20":{"start":{"line":22,"column":8},"end":{"line":22,"column":20}},"21":{"start":{"line":23,"column":8},"end":{"line":23,"column":44}},"22":{"start":{"line":26,"column":4},"end":{"line":26,"column":40}},"23":{"start":{"line":29,"column":0},"end":{"line":29,"column":29}}},"fnMap":{"0":{"name":"(anonymous_0)","decl":{"start":{"line":1,"column":21},"end":{"line":1,"column":22}},"loc":{"start":{"line":1,"column":46},"end":{"line":27,"column":1}},"line":1}},"branchMap":{"0":{"loc":{"start":{"line":6,"column":4},"end":{"line":24,"column":5}},"type":"if","locations":[{"start":{"line":6,"column":4},"end":{"line":24,"column":5}},{"start":{"line":9,"column":11},"end":{"line":24,"column":5}}],"line":6},"1":{"loc":{"start":{"line":9,"column":11},"end":{"line":24,"column":5}},"type":"if","locations":[{"start":{"line":9,"column":11},"end":{"line":24,"column":5}},{"start":{"line":12,"column":11},"end":{"line":24,"column":5}}],"line":9},"2":{"loc":{"start":{"line":12,"column":11},"end":{"line":24,"column":5}},"type":"if","locations":[{"start":{"line":12,"column":11},"end":{"line":24,"column":5}},{"start":{"line":15,"column":11},"end":{"line":24,"column":5}}],"line":12},"3":{"loc":{"start":{"line":15,"column":11},"end":{"line":24,"column":5}},"type":"if","locations":[{"start":{"line":15,"column":11},"end":{"line":24,"column":5}},{"start":{"line":18,"column":11},"end":{"line":24,"column":5}}],"line":15},"4":{"loc":{"start":{"line":18,"column":11},"end":{"line":24,"column":5}},"type":"if","locations":[{"start":{"line":18,"column":11},"end":{"line":24,"column":5}},{"start":{"line":21,"column":11},"end":{"line":24,"column":5}}],"line":18},"5":{"loc":{"start":{"line":21,"column":11},"end":{"line":24,"column":5}},"type":"if","locations":[{"start":{"line":21,"column":11},"end":{"line":24,"column":5}},{"start":{},"end":{}}],"line":21}},"s":{"0":1,"1":7,"2":7,"3":7,"4":7,"5":1,"6":1,"7":6,"8":2,"9":2,"10":4,"11":2,"12":2,"13":2,"14":0,"15":0,"16":2,"17":1,"18":1,"19":1,"20":1,"21":1,"22":7,"23":1},"f":{"0":7},"b":{"0":[1,6],"1":[2,4],"2":[2,2],"3":[0,2],"4":[1,1],"5":[1,0]},"_coverageSchema":"1a1c01bbd47fc00a2c39e90264f33305004495a9","hash":"3d812e16f6bf94836379553513c320eedfdac749"}
,"C:\\ABO\\RMT-40\\p3\\Final Project\\server\\models\\user.js": {"path":"C:\\ABO\\RMT-40\\p3\\Final Project\\server\\models\\user.js","statementMap":{"0":{"start":{"line":1,"column":21},"end":{"line":1,"column":39}},"1":{"start":{"line":2,"column":18},"end":{"line":2,"column":44}},"2":{"start":{"line":3,"column":25},"end":{"line":3,"column":53}},"3":{"start":{"line":7,"column":8},"end":{"line":7,"column":42}},"4":{"start":{"line":11,"column":22},"end":{"line":14,"column":9}},"5":{"start":{"line":16,"column":24},"end":{"line":16,"column":68}},"6":{"start":{"line":17,"column":8},"end":{"line":17,"column":22}},"7":{"start":{"line":21,"column":22},"end":{"line":21,"column":92}},"8":{"start":{"line":22,"column":8},"end":{"line":22,"column":20}},"9":{"start":{"line":26,"column":22},"end":{"line":26,"column":85}},"10":{"start":{"line":27,"column":8},"end":{"line":27,"column":20}},"11":{"start":{"line":31,"column":0},"end":{"line":31,"column":21}}},"fnMap":{"0":{"name":"(anonymous_0)","decl":{"start":{"line":6,"column":4},"end":{"line":6,"column":5}},"loc":{"start":{"line":6,"column":28},"end":{"line":8,"column":5}},"line":6},"1":{"name":"(anonymous_1)","decl":{"start":{"line":10,"column":4},"end":{"line":10,"column":5}},"loc":{"start":{"line":10,"column":30},"end":{"line":18,"column":5}},"line":10},"2":{"name":"(anonymous_2)","decl":{"start":{"line":20,"column":4},"end":{"line":20,"column":5}},"loc":{"start":{"line":20,"column":53},"end":{"line":23,"column":5}},"line":20},"3":{"name":"(anonymous_3)","decl":{"start":{"line":25,"column":4},"end":{"line":25,"column":5}},"loc":{"start":{"line":25,"column":52},"end":{"line":28,"column":5}},"line":25}},"branchMap":{},"s":{"0":1,"1":1,"2":1,"3":5,"4":1,"5":1,"6":1,"7":1,"8":1,"9":3,"10":3,"11":1},"f":{"0":5,"1":1,"2":1,"3":3},"b":{},"_coverageSchema":"1a1c01bbd47fc00a2c39e90264f33305004495a9","hash":"65f56211f4265bdf0f8b5a5324cfcd3f372b0b2a"}
,"C:\\ABO\\RMT-40\\p3\\Final Project\\server\\routes\\index.js": {"path":"C:\\ABO\\RMT-40\\p3\\Final Project\\server\\routes\\index.js","statementMap":{"0":{"start":{"line":1,"column":19},"end":{"line":1,"column":54}},"1":{"start":{"line":3,"column":15},"end":{"line":3,"column":42}},"2":{"start":{"line":5,"column":0},"end":{"line":7,"column":2}},"3":{"start":{"line":6,"column":4},"end":{"line":6,"column":28}},"4":{"start":{"line":9,"column":0},"end":{"line":9,"column":45}},"5":{"start":{"line":10,"column":0},"end":{"line":10,"column":39}},"6":{"start":{"line":11,"column":0},"end":{"line":11,"column":22}},"7":{"start":{"line":13,"column":0},"end":{"line":13,"column":23}}},"fnMap":{"0":{"name":"(anonymous_0)","decl":{"start":{"line":5,"column":16},"end":{"line":5,"column":17}},"loc":{"start":{"line":5,"column":30},"end":{"line":7,"column":1}},"line":5}},"branchMap":{},"s":{"0":1,"1":1,"2":1,"3":0,"4":1,"5":1,"6":1,"7":1},"f":{"0":0},"b":{},"_coverageSchema":"1a1c01bbd47fc00a2c39e90264f33305004495a9","hash":"2b117acbc341e3215f2ca2d488012641c0507208"}
}
