TN:
SF:app.js
FNF:0
FNH:0
DA:1,1
DA:2,1
DA:3,1
DA:4,1
DA:5,1
DA:7,1
DA:8,1
DA:9,1
DA:11,1
DA:13,1
DA:15,1
LF:11
LH:11
BRF:0
BRH:0
end_of_record
TN:
SF:config\mongo.js
FN:11,(anonymous_0)
FN:22,(anonymous_1)
FN:32,(anonymous_2)
FN:36,(anonymous_3)
FN:53,oo_cm
FN:53,oo_oo
FN:53,oo_tr
FN:53,oo_ts
FN:53,oo_te
FNF:9
FNH:2
FNDA:0,(anonymous_0)
FNDA:16,(anonymous_1)
FNDA:9,(anonymous_2)
FNDA:0,(anonymous_3)
FNDA:0,oo_cm
FNDA:0,oo_oo
FNDA:0,oo_tr
FNDA:0,oo_ts
FNDA:0,oo_te
DA:1,1
DA:3,1
DA:4,1
DA:5,1
DA:6,1
DA:8,1
DA:9,1
DA:11,1
DA:12,0
DA:13,0
DA:14,0
DA:15,0
DA:17,0
DA:22,1
DA:23,16
DA:24,16
DA:25,16
DA:26,16
DA:28,0
DA:32,1
DA:33,9
DA:36,1
DA:37,0
DA:40,1
DA:53,0
LF:25
LH:17
BRDA:53,0,0,0
BRDA:53,0,1,0
BRF:2
BRH:0
end_of_record
TN:
SF:controller\controller.js
FN:6,(anonymous_0)
FN:19,(anonymous_1)
FN:32,(anonymous_2)
FN:58,(anonymous_3)
FN:76,(anonymous_4)
FN:95,(anonymous_5)
FN:104,(anonymous_6)
FN:125,oo_cm
FN:125,oo_oo
FN:125,oo_tr
FN:125,oo_ts
FN:125,oo_te
FNF:12
FNH:7
FNDA:4,(anonymous_0)
FNDA:0,(anonymous_1)
FNDA:5,(anonymous_2)
FNDA:0,(anonymous_3)
FNDA:4,(anonymous_4)
FNDA:1,(anonymous_5)
FNDA:2,(anonymous_6)
FNDA:7,oo_cm
FNDA:7,oo_oo
FNDA:0,oo_tr
FNDA:0,oo_ts
FNDA:0,oo_te
DA:1,1
DA:2,1
DA:3,1
DA:7,4
DA:8,4
DA:9,4
DA:10,1
DA:12,3
DA:13,1
DA:15,2
DA:16,1
DA:18,1
DA:19,1
DA:20,1
DA:21,1
DA:22,0
DA:25,1
DA:26,1
DA:28,3
DA:33,5
DA:34,5
DA:35,5
DA:36,1
DA:38,4
DA:39,1
DA:41,3
DA:42,3
DA:43,3
DA:44,1
DA:46,2
DA:47,2
DA:48,2
DA:49,2
DA:50,1
DA:52,1
DA:54,4
DA:59,0
DA:60,0
DA:61,0
DA:62,0
DA:64,0
DA:65,0
DA:67,0
DA:68,0
DA:69,0
DA:70,0
DA:72,0
DA:77,4
DA:78,4
DA:79,4
DA:80,1
DA:82,3
DA:83,1
DA:85,2
DA:86,1
DA:88,1
DA:89,1
DA:91,3
DA:96,1
DA:97,1
DA:98,1
DA:100,0
DA:105,2
DA:106,2
DA:107,2
DA:108,2
DA:109,1
DA:111,1
DA:113,1
DA:118,1
DA:125,7
LF:71
LH:58
BRDA:9,0,0,1
BRDA:9,0,1,3
BRDA:12,1,0,1
BRDA:12,1,1,2
BRDA:15,2,0,1
BRDA:15,2,1,1
BRDA:21,3,0,0
BRDA:21,3,1,1
BRDA:35,4,0,1
BRDA:35,4,1,4
BRDA:38,5,0,1
BRDA:38,5,1,3
BRDA:43,6,0,1
BRDA:43,6,1,2
BRDA:49,7,0,1
BRDA:49,7,1,1
BRDA:61,8,0,0
BRDA:61,8,1,0
BRDA:64,9,0,0
BRDA:64,9,1,0
BRDA:79,10,0,1
BRDA:79,10,1,3
BRDA:82,11,0,1
BRDA:82,11,1,2
BRDA:85,12,0,1
BRDA:85,12,1,1
BRDA:108,13,0,1
BRDA:108,13,1,1
BRDA:125,14,0,7
BRDA:125,14,1,0
BRF:30
BRH:24
end_of_record
TN:
SF:helpers\bcrypt.js
FN:3,(anonymous_0)
FN:9,(anonymous_1)
FNF:2
FNH:2
FNDA:1,(anonymous_0)
FNDA:2,(anonymous_1)
DA:1,1
DA:3,1
DA:4,1
DA:5,1
DA:6,1
DA:9,1
DA:10,2
DA:13,1
LF:8
LH:8
BRF:0
BRH:0
end_of_record
TN:
SF:middlewares\errorHandler.js
FN:1,(anonymous_0)
FN:55,oo_cm
FN:55,oo_oo
FN:55,oo_tr
FN:55,oo_ts
FN:55,oo_te
FNF:6
FNH:3
FNDA:11,(anonymous_0)
FNDA:11,oo_cm
FNDA:11,oo_oo
FNDA:0,oo_tr
FNDA:0,oo_ts
FNDA:0,oo_te
DA:1,1
DA:2,11
DA:3,11
DA:4,11
DA:6,11
DA:7,1
DA:8,1
DA:9,10
DA:10,2
DA:11,2
DA:12,8
DA:13,2
DA:14,2
DA:15,6
DA:16,0
DA:17,0
DA:18,6
DA:19,1
DA:20,1
DA:21,5
DA:22,1
DA:23,1
DA:24,4
DA:25,0
DA:26,0
DA:27,4
DA:28,0
DA:29,0
DA:30,4
DA:31,1
DA:32,1
DA:33,3
DA:34,1
DA:35,1
DA:36,2
DA:37,1
DA:38,1
DA:39,1
DA:40,1
DA:41,1
DA:45,11
DA:48,1
DA:55,11
LF:43
LH:37
BRDA:6,0,0,1
BRDA:6,0,1,10
BRDA:9,1,0,2
BRDA:9,1,1,8
BRDA:12,2,0,2
BRDA:12,2,1,6
BRDA:15,3,0,0
BRDA:15,3,1,6
BRDA:18,4,0,1
BRDA:18,4,1,5
BRDA:21,5,0,1
BRDA:21,5,1,4
BRDA:24,6,0,0
BRDA:24,6,1,4
BRDA:27,7,0,0
BRDA:27,7,1,4
BRDA:30,8,0,1
BRDA:30,8,1,3
BRDA:33,9,0,1
BRDA:33,9,1,2
BRDA:36,10,0,1
BRDA:36,10,1,1
BRDA:39,11,0,1
BRDA:39,11,1,0
BRDA:55,12,0,11
BRDA:55,12,1,0
BRF:26
BRH:21
end_of_record
TN:
SF:models\project.js
FN:5,(anonymous_0)
FN:9,(anonymous_1)
FN:17,(anonymous_2)
FN:26,(anonymous_3)
FN:43,oo_cm
FN:43,oo_oo
FN:43,oo_tr
FN:43,oo_ts
FN:43,oo_te
FNF:9
FNH:6
FNDA:4,(anonymous_0)
FNDA:1,(anonymous_1)
FNDA:1,(anonymous_2)
FNDA:2,(anonymous_3)
FNDA:1,oo_cm
FNDA:1,oo_oo
FNDA:0,oo_tr
FNDA:0,oo_ts
FNDA:0,oo_te
DA:1,1
DA:2,1
DA:6,4
DA:10,1
DA:13,1
DA:14,1
DA:18,1
DA:19,1
DA:20,1
DA:22,0
DA:27,2
DA:28,2
DA:29,1
DA:31,1
DA:36,1
DA:43,1
LF:16
LH:15
BRDA:43,0,0,1
BRDA:43,0,1,0
BRF:2
BRH:1
end_of_record
TN:
SF:models\user.js
FN:6,(anonymous_0)
FN:10,(anonymous_1)
FN:20,(anonymous_2)
FN:25,(anonymous_3)
FNF:4
FNH:4
FNDA:5,(anonymous_0)
FNDA:1,(anonymous_1)
FNDA:1,(anonymous_2)
FNDA:3,(anonymous_3)
DA:1,1
DA:2,1
DA:3,1
DA:7,5
DA:11,1
DA:16,1
DA:17,1
DA:21,1
DA:22,1
DA:26,3
DA:27,3
DA:31,1
LF:12
LH:12
BRF:0
BRH:0
end_of_record
TN:
SF:routes\index.js
FN:5,(anonymous_0)
FNF:1
FNH:0
FNDA:0,(anonymous_0)
DA:1,1
DA:3,1
DA:5,1
DA:6,0
DA:9,1
DA:10,1
DA:13,1
DA:14,1
DA:15,1
DA:18,1
LF:10
LH:9
BRF:0
BRH:0
end_of_record
