TN:
SF:app.js
FNF:0
FNH:0
DA:1,1
DA:2,1
DA:3,1
DA:4,1
DA:5,1
DA:7,1
DA:8,1
DA:9,1
DA:11,1
DA:13,1
DA:15,1
LF:11
LH:11
BRF:0
BRH:0
end_of_record
TN:
SF:config\mongo.js
FN:11,(anonymous_0)
FN:22,(anonymous_1)
FN:32,(anonymous_2)
FN:36,(anonymous_3)
FN:53,oo_cm
FN:53,oo_oo
FN:53,oo_tr
FN:53,oo_ts
FN:53,oo_te
FNF:9
FNH:2
FNDA:0,(anonymous_0)
FNDA:9,(anonymous_1)
FNDA:5,(anonymous_2)
FNDA:0,(anonymous_3)
FNDA:0,oo_cm
FNDA:0,oo_oo
FNDA:0,oo_tr
FNDA:0,oo_ts
FNDA:0,oo_te
DA:1,1
DA:3,1
DA:4,1
DA:5,1
DA:6,1
DA:8,1
DA:9,1
DA:11,1
DA:12,0
DA:13,0
DA:14,0
DA:15,0
DA:17,0
DA:22,1
DA:23,9
DA:24,9
DA:25,9
DA:26,9
DA:28,0
DA:32,1
DA:33,5
DA:36,1
DA:37,0
DA:40,1
DA:53,0
LF:25
LH:17
BRDA:53,0,0,0
BRDA:53,0,1,0
BRF:2
BRH:0
end_of_record
TN:
SF:controller\controller.js
FN:5,(anonymous_0)
FN:18,(anonymous_1)
FN:31,(anonymous_2)
FN:65,oo_cm
FN:65,oo_oo
FN:65,oo_tr
FN:65,oo_ts
FN:65,oo_te
FNF:8
FNH:4
FNDA:4,(anonymous_0)
FNDA:0,(anonymous_1)
FNDA:5,(anonymous_2)
FNDA:7,oo_cm
FNDA:7,oo_oo
FNDA:0,oo_tr
FNDA:0,oo_ts
FNDA:0,oo_te
DA:1,1
DA:2,1
DA:6,4
DA:7,4
DA:8,4
DA:9,1
DA:11,3
DA:12,1
DA:14,2
DA:15,1
DA:17,1
DA:18,1
DA:19,1
DA:20,1
DA:21,0
DA:24,1
DA:25,1
DA:27,3
DA:32,5
DA:33,5
DA:34,5
DA:35,1
DA:37,4
DA:38,1
DA:40,3
DA:41,3
DA:42,3
DA:43,1
DA:45,2
DA:46,2
DA:47,2
DA:48,2
DA:49,1
DA:51,1
DA:53,4
DA:58,1
DA:65,7
LF:37
LH:36
BRDA:8,0,0,1
BRDA:8,0,1,3
BRDA:11,1,0,1
BRDA:11,1,1,2
BRDA:14,2,0,1
BRDA:14,2,1,1
BRDA:20,3,0,0
BRDA:20,3,1,1
BRDA:34,4,0,1
BRDA:34,4,1,4
BRDA:37,5,0,1
BRDA:37,5,1,3
BRDA:42,6,0,1
BRDA:42,6,1,2
BRDA:48,7,0,1
BRDA:48,7,1,1
BRDA:65,8,0,7
BRDA:65,8,1,0
BRF:18
BRH:16
end_of_record
TN:
SF:helpers\bcrypt.js
FN:3,(anonymous_0)
FN:9,(anonymous_1)
FNF:2
FNH:2
FNDA:1,(anonymous_0)
FNDA:2,(anonymous_1)
DA:1,1
DA:3,1
DA:4,1
DA:5,1
DA:6,1
DA:9,1
DA:10,2
DA:13,1
LF:8
LH:8
BRF:0
BRH:0
end_of_record
TN:
SF:middlewares\errorHandler.js
FN:1,(anonymous_0)
FN:36,oo_cm
FN:36,oo_oo
FN:36,oo_tr
FN:36,oo_ts
FN:36,oo_te
FNF:6
FNH:3
FNDA:7,(anonymous_0)
FNDA:7,oo_cm
FNDA:7,oo_oo
FNDA:0,oo_tr
FNDA:0,oo_ts
FNDA:0,oo_te
DA:1,1
DA:2,7
DA:3,7
DA:4,7
DA:6,7
DA:7,1
DA:8,1
DA:9,6
DA:10,2
DA:11,2
DA:12,4
DA:13,2
DA:14,2
DA:15,2
DA:16,0
DA:17,0
DA:18,2
DA:19,1
DA:20,1
DA:21,1
DA:22,1
DA:23,1
DA:26,7
DA:29,1
DA:36,7
LF:25
LH:23
BRDA:6,0,0,1
BRDA:6,0,1,6
BRDA:9,1,0,2
BRDA:9,1,1,4
BRDA:12,2,0,2
BRDA:12,2,1,2
BRDA:15,3,0,0
BRDA:15,3,1,2
BRDA:18,4,0,1
BRDA:18,4,1,1
BRDA:21,5,0,1
BRDA:21,5,1,0
BRDA:36,6,0,7
BRDA:36,6,1,0
BRF:14
BRH:11
end_of_record
TN:
SF:models\user.js
FN:6,(anonymous_0)
FN:10,(anonymous_1)
FN:20,(anonymous_2)
FN:25,(anonymous_3)
FNF:4
FNH:4
FNDA:5,(anonymous_0)
FNDA:1,(anonymous_1)
FNDA:1,(anonymous_2)
FNDA:3,(anonymous_3)
DA:1,1
DA:2,1
DA:3,1
DA:7,5
DA:11,1
DA:16,1
DA:17,1
DA:21,1
DA:22,1
DA:26,3
DA:27,3
DA:31,1
LF:12
LH:12
BRF:0
BRH:0
end_of_record
TN:
SF:routes\index.js
FN:5,(anonymous_0)
FNF:1
FNH:0
FNDA:0,(anonymous_0)
DA:1,1
DA:3,1
DA:5,1
DA:6,0
DA:9,1
DA:10,1
DA:12,1
LF:7
LH:6
BRF:0
BRH:0
end_of_record
